<?xml version="1.0" encoding="UTF-8"?>
<!-- Generated by org.testng.reporters.JUnitXMLReporter -->
<testsuite ignored="0" hostname="LAPTOP-7CM41USF" failures="0" tests="6" name="Default test" time="106.2" errors="0" timestamp="2022-04-25T08:23:57 IST">
  <testcase classname="demoDataDrivenTesting.ExcelExample" name="demoClass" time="17.972"/>
  <testcase classname="demoDataDrivenTesting.ExcelExample" name="demoClass" time="18.563"/>
  <testcase classname="demoDataDrivenTesting.ExcelExample" name="demoClass" time="17.473"/>
  <testcase classname="demoDataDrivenTesting.ExcelExample" name="demoClass" time="16.796"/>
  <testcase classname="demoDataDrivenTesting.ExcelExample" name="demoClass" time="16.899"/>
  <testcase classname="demoDataDrivenTesting.ExcelExample" name="demoClass" time="17.147"/>
</testsuite> <!-- Default test -->
