<?xml version="1.0" encoding="UTF-8"?>
<!-- Generated by org.testng.reporters.JUnitXMLReporter -->
<testsuite ignored="12" hostname="LAPTOP-7CM41USF" failures="1" tests="1" name="TestCase002" time="0.045" errors="0" timestamp="2022-04-26T08:17:51 IST">
  <testcase classname="testNGDemo.AssertionDemo" name="testMethod2" time="0.009">
    <failure type="java.lang.AssertionError" message="expected [true] but found [false]">
      <![CDATA[java.lang.AssertionError: expected [true] but found [false]
at testNGDemo.AssertionDemo.testMethod2(AssertionDemo.java:14)
at java.base/java.util.ArrayList.forEach(ArrayList.java:1511)
at java.base/java.util.concurrent.FutureTask.run(FutureTask.java:264)
at java.base/java.util.concurrent.ThreadPoolExecutor.runWorker(ThreadPoolExecutor.java:1136)
at java.base/java.util.concurrent.ThreadPoolExecutor$Worker.run(ThreadPoolExecutor.java:635)
at java.base/java.lang.Thread.run(Thread.java:833)
... Removed 22 stack frames]]>
    </failure>
  </testcase> <!-- testMethod2 -->
  <testcase classname="testNGDemo.AssertionDemo" name="testMethod13" time="0.0">
    <ignored/>
  </testcase> <!-- testMethod13 -->
  <testcase classname="testNGDemo.AssertionDemo" name="testMethod1" time="0.0">
    <ignored/>
  </testcase> <!-- testMethod1 -->
  <testcase classname="testNGDemo.AssertionDemo" name="testMethod8" time="0.0">
    <ignored/>
  </testcase> <!-- testMethod8 -->
  <testcase classname="testNGDemo.AssertionDemo" name="testMethod4" time="0.0">
    <ignored/>
  </testcase> <!-- testMethod4 -->
  <testcase classname="testNGDemo.AssertionDemo" name="testMethod9" time="0.0">
    <ignored/>
  </testcase> <!-- testMethod9 -->
  <testcase classname="testNGDemo.AssertionDemo" name="testMethod10" time="0.0">
    <ignored/>
  </testcase> <!-- testMethod10 -->
  <testcase classname="testNGDemo.AssertionDemo" name="testMethod11" time="0.0">
    <ignored/>
  </testcase> <!-- testMethod11 -->
  <testcase classname="testNGDemo.AssertionDemo" name="testMethod7" time="0.0">
    <ignored/>
  </testcase> <!-- testMethod7 -->
  <testcase classname="testNGDemo.AssertionDemo" name="testMethod5" time="0.0">
    <ignored/>
  </testcase> <!-- testMethod5 -->
  <testcase classname="testNGDemo.AssertionDemo" name="testMethod6" time="0.0">
    <ignored/>
  </testcase> <!-- testMethod6 -->
  <testcase classname="testNGDemo.AssertionDemo" name="testMethod3" time="0.0">
    <ignored/>
  </testcase> <!-- testMethod3 -->
  <testcase classname="testNGDemo.AssertionDemo" name="testMethod12" time="0.0">
    <ignored/>
  </testcase> <!-- testMethod12 -->
</testsuite> <!-- TestCase002 -->
