<?xml version="1.0" encoding="UTF-8"?>
<testng-results ignored="0" total="1" passed="1" failed="0" skipped="0">
  <reporter-output>
  </reporter-output>
  <suite started-at="2022-04-21T07:43:21 IST" name="Default suite" finished-at="2022-04-21T07:43:28 IST" duration-ms="6345">
    <groups>
    </groups>
    <test started-at="2022-04-21T07:43:21 IST" name="Default test" finished-at="2022-04-21T07:43:28 IST" duration-ms="6345">
      <class name="locatorsDemonstration.LinksDemo">
        <test-method signature="Validate()[pri:0, instance:locatorsDemonstration.LinksDemo@77eca502]" started-at="2022-04-21T07:43:21 IST" name="Validate" finished-at="2022-04-21T07:43:28 IST" duration-ms="6317" status="PASS">
          <reporter-output>
          </reporter-output>
        </test-method> <!-- Validate -->
      </class> <!-- locatorsDemonstration.LinksDemo -->
    </test> <!-- Default test -->
  </suite> <!-- Default suite -->
</testng-results>
